[debug] [2024-02-28T19:32:06.266Z] ----------------------------------------------------------------------
[debug] [2024-02-28T19:32:06.270Z] Command:       C:\Program Files\nodejs\node.exe C:\Users\farrukh.aslam\AppData\Roaming\npm\node_modules\firebase-tools\lib\bin\firebase.js init
[debug] [2024-02-28T19:32:06.270Z] CLI Version:   13.4.0
[debug] [2024-02-28T19:32:06.270Z] Platform:      win32
[debug] [2024-02-28T19:32:06.270Z] Node Version:  v20.10.0
[debug] [2024-02-28T19:32:06.270Z] Time:          Thu Feb 29 2024 00:32:06 GMT+0500 (Pakistan Standard Time)
[debug] [2024-02-28T19:32:06.271Z] ----------------------------------------------------------------------
[debug] 
[debug] [2024-02-28T19:32:06.276Z] > command requires scopes: ["email","openid","https://www.googleapis.com/auth/cloudplatformprojects.readonly","https://www.googleapis.com/auth/firebase","https://www.googleapis.com/auth/cloud-platform"]
[debug] [2024-02-28T19:32:06.276Z] > authorizing via signed-in user (farrukha303@gmail.com)
[info] 
     ######## #### ########  ######## ########     ###     ######  ########
     ##        ##  ##     ## ##       ##     ##  ##   ##  ##       ##
     ######    ##  ########  ######   ########  #########  ######  ######
     ##        ##  ##    ##  ##       ##     ## ##     ##       ## ##
     ##       #### ##     ## ######## ########  ##     ##  ######  ########

You're about to initialize a Firebase project in this directory:

  D:\workplace\digital_revolution_website\digitalrevolution

[info] 
=== Project Setup
[info] 
[info] First, let's associate this project directory with a Firebase project.
[info] You can create multiple project aliases by running firebase use --add, 
[info] but for now we'll just set up a default project.
[info] 
[debug] [2024-02-28T19:32:27.239Z] > refreshing access token with scopes: []
[debug] [2024-02-28T19:32:27.243Z] >>> [apiv2][query] POST https://www.googleapis.com/oauth2/v3/token [none]
[debug] [2024-02-28T19:32:27.243Z] >>> [apiv2][body] POST https://www.googleapis.com/oauth2/v3/token [omitted]
[debug] [2024-02-28T19:32:27.815Z] <<< [apiv2][status] POST https://www.googleapis.com/oauth2/v3/token 200
[debug] [2024-02-28T19:32:27.815Z] <<< [apiv2][body] POST https://www.googleapis.com/oauth2/v3/token [omitted]
[debug] [2024-02-28T19:32:27.830Z] >>> [apiv2][query] GET https://firebase.googleapis.com/v1beta1/projects pageSize=100
[debug] [2024-02-28T19:32:28.734Z] <<< [apiv2][status] GET https://firebase.googleapis.com/v1beta1/projects 200
[debug] [2024-02-28T19:32:28.734Z] <<< [apiv2][body] GET https://firebase.googleapis.com/v1beta1/projects [omitted]
[info] i  Using project digitalrevolution-e552c (Digitalrevolution) 
[info] 
=== Hosting Setup
[debug] [2024-02-28T19:32:33.356Z] >>> [apiv2][query] GET https://firebase.googleapis.com/v1beta1/projects/digitalrevolution-e552c [none]
[debug] [2024-02-28T19:32:33.781Z] <<< [apiv2][status] GET https://firebase.googleapis.com/v1beta1/projects/digitalrevolution-e552c 200
[debug] [2024-02-28T19:32:33.782Z] <<< [apiv2][body] GET https://firebase.googleapis.com/v1beta1/projects/digitalrevolution-e552c {"projectId":"digitalrevolution-e552c","projectNumber":"1016374734048","displayName":"Digitalrevolution","name":"projects/digitalrevolution-e552c","resources":{"hostingSite":"digitalrevolution-e552c"},"state":"ACTIVE","etag":"1_59d23807-818f-4113-8dc7-987973def654"}
[info] 
[info] Your public directory is the folder (relative to your project directory) that
[info] will contain Hosting assets to be uploaded with firebase deploy. If you
[info] have a build process for your assets, use your build's output directory.
[info] 
[debug] [2024-02-28T20:07:22.279Z] ----------------------------------------------------------------------
[debug] [2024-02-28T20:07:22.281Z] Command:       C:\Program Files\nodejs\node.exe C:\Users\farrukh.aslam\AppData\Roaming\npm\node_modules\firebase-tools\lib\bin\firebase.js init
[debug] [2024-02-28T20:07:22.282Z] CLI Version:   13.4.0
[debug] [2024-02-28T20:07:22.282Z] Platform:      win32
[debug] [2024-02-28T20:07:22.282Z] Node Version:  v20.10.0
[debug] [2024-02-28T20:07:22.282Z] Time:          Thu Feb 29 2024 01:07:22 GMT+0500 (Pakistan Standard Time)
[debug] [2024-02-28T20:07:22.282Z] ----------------------------------------------------------------------
[debug] 
[debug] [2024-02-28T20:07:22.288Z] > command requires scopes: ["email","openid","https://www.googleapis.com/auth/cloudplatformprojects.readonly","https://www.googleapis.com/auth/firebase","https://www.googleapis.com/auth/cloud-platform"]
[debug] [2024-02-28T20:07:22.288Z] > authorizing via signed-in user (farrukha303@gmail.com)
[info] 
     ######## #### ########  ######## ########     ###     ######  ########
     ##        ##  ##     ## ##       ##     ##  ##   ##  ##       ##
     ######    ##  ########  ######   ########  #########  ######  ######
     ##        ##  ##    ##  ##       ##     ## ##     ##       ## ##
     ##       #### ##     ## ######## ########  ##     ##  ######  ########

You're about to initialize a Firebase project in this directory:

  D:\workplace\digital_revolution_website\digitalrevolution

